#
# There is insufficient memory for the Java Runtime Environment to continue.
# Native memory allocation (mmap) failed to map 199229440 bytes for Failed to commit area from 0x0000000743e00000 to 0x000000074fc00000 of length 199229440.
# Possible reasons:
#   The system is out of physical RAM or swap space
#   The process is running with CompressedOops enabled, and the Java Heap may be blocking the growth of the native heap
# Possible solutions:
#   Reduce memory load on the system
#   Increase physical memory or swap space
#   Check if swap backing store is full
#   Decrease Java heap size (-Xmx/-Xms)
#   Decrease number of Java threads
#   Decrease Java thread stack sizes (-Xss)
#   Set larger code cache with -XX:ReservedCodeCacheSize=
# This output file may be truncated or incomplete.
#
#  Out of Memory Error (./src/hotspot/os/windows/os_windows.cpp:3386), pid=12368, tid=14368
#
# JRE version:  (11.0.16.1+1) (build )
# Java VM: OpenJDK 64-Bit Server VM (11.0.16.1+1-LTS, mixed mode, sharing, tiered, compressed oops, g1 gc, windows-amd64)
# No core dump will be written. Minidumps are not enabled by default on client versions of Windows
#

---------------  S U M M A R Y ------------

Command Line: 

Host: Intel(R) Core(TM) i3-1005G1 CPU @ 1.20GHz, 4 cores, 11G,  Windows 11 , 64 bit Build 22621 (10.0.22621.1635)
Time: Thu Jun  8 22:14:25 2023 Hora est. Pacífico, Sudamérica elapsed time: 0.026908 seconds (0d 0h 0m 0s)

---------------  T H R E A D  ---------------

Current thread (0x0000023e469ab000):  JavaThread "Unknown thread" [_thread_in_vm, id=14368, stack(0x000000a309100000,0x000000a309200000)]

Stack: [0x000000a309100000,0x000000a309200000]
Native frames: (J=compiled Java code, j=interpreted, Vv=VM code, C=native code)
V  [jvm.dll+0x62652a]
V  [jvm.dll+0x7b3249]
V  [jvm.dll+0x7b4938]
V  [jvm.dll+0x7b5013]
V  [jvm.dll+0x24fca8]
V  [jvm.dll+0x62383a]
V  [jvm.dll+0x617fe5]
V  [jvm.dll+0x307bac]
V  [jvm.dll+0x307a32]
V  [jvm.dll+0x30c746]
V  [jvm.dll+0x352b9f]
V  [jvm.dll+0x3525d0]
V  [jvm.dll+0x2e4ba8]
V  [jvm.dll+0x2e5d06]
V  [jvm.dll+0x78d097]
V  [jvm.dll+0x78e81f]
V  [jvm.dll+0x35f8e9]
V  [jvm.dll+0x770000]
V  [jvm.dll+0x3cd40f]
V  [jvm.dll+0x3cf7a1]
C  [jli.dll+0x5207]
C  [ucrtbase.dll+0x29363]
C  [KERNEL32.DLL+0x126ad]
C  [ntdll.dll+0x5a9f8]


---------------  P R O C E S S  ---------------

Threads class SMR info:
_java_thread_list=0x0000023e44807fa0, length=0, elements={
}

Java Threads: ( => current thread )

Other Threads:
  0x0000023e469c3800 GCTaskThread "GC Thread#0" [stack: 0x000000a309200000,0x000000a309300000] [id=16260]
  0x0000023e46a0b800 ConcurrentGCThread "G1 Main Marker" [stack: 0x000000a309300000,0x000000a309400000] [id=12104]
  0x0000023e46a0f800 ConcurrentGCThread "G1 Conc#0" [stack: 0x000000a309400000,0x000000a309500000] [id=10764]

[error occurred during error reporting (printing all threads), id 0xc0000005, EXCEPTION_ACCESS_VIOLATION (0xc0000005) at pc=0x00007ffe815a4377]

VM state:not at safepoint (not fully initialized)

VM Mutex/Monitor currently owned by a thread:  ([mutex/lock_event])
[0x0000023e469a8020] Heap_lock - owner thread: 0x0000023e469ab000

Heap address: 0x0000000743e00000, size: 3010 MB, Compressed Oops mode: Non-zero based: 0x0000000743e00000
Narrow klass base: 0x0000000000000000, Narrow klass shift: 0

GC Heap History (0 events):
No events

Deoptimization events (0 events):
No events

Classes redefined (0 events):
No events

Internal exceptions (0 events):
No events

Events (1 events):
Event: 0.017 Loaded shared library C:\Program Files\Microsoft\jdk-11.0.16.101-hotspot\bin\zip.dll


Dynamic libraries:
0x00007ff756f30000 - 0x00007ff756f3d000 	C:\Program Files\Microsoft\jdk-11.0.16.101-hotspot\bin\java.exe
0x00007fff9c410000 - 0x00007fff9c624000 	C:\WINDOWS\SYSTEM32\ntdll.dll
0x00007fff9a210000 - 0x00007fff9a2d2000 	C:\WINDOWS\System32\KERNEL32.DLL
0x00007fff99b30000 - 0x00007fff99ed3000 	C:\WINDOWS\System32\KERNELBASE.dll
0x00007fff9a0f0000 - 0x00007fff9a201000 	C:\WINDOWS\System32\ucrtbase.dll
0x00007ffe82b40000 - 0x00007ffe82b57000 	C:\Program Files\Microsoft\jdk-11.0.16.101-hotspot\bin\jli.dll
0x00007fff9bb50000 - 0x00007fff9bcfb000 	C:\WINDOWS\System32\USER32.dll
0x00007fff999d0000 - 0x00007fff999f6000 	C:\WINDOWS\System32\win32u.dll
0x00007fff9bd10000 - 0x00007fff9bd39000 	C:\WINDOWS\System32\GDI32.dll
0x00007fff998b0000 - 0x00007fff999c8000 	C:\WINDOWS\System32\gdi32full.dll
0x00007ffe82b20000 - 0x00007ffe82b35000 	C:\Program Files\Microsoft\jdk-11.0.16.101-hotspot\bin\VCRUNTIME140.dll
0x00007fff99ee0000 - 0x00007fff99f7a000 	C:\WINDOWS\System32\msvcp_win.dll
0x00007fff71530000 - 0x00007fff717be000 	C:\WINDOWS\WinSxS\amd64_microsoft.windows.common-controls_6595b64144ccf1df_6.0.22621.1635_none_270f70857386168e\COMCTL32.dll
0x00007fff9bea0000 - 0x00007fff9bf47000 	C:\WINDOWS\System32\msvcrt.dll
0x00007fff9b780000 - 0x00007fff9b7b1000 	C:\WINDOWS\System32\IMM32.DLL
0x00007ffe82a80000 - 0x00007ffe82b1b000 	C:\Program Files\Microsoft\jdk-11.0.16.101-hotspot\bin\msvcp140.dll
0x00007ffe812b0000 - 0x00007ffe81e3a000 	C:\Program Files\Microsoft\jdk-11.0.16.101-hotspot\bin\server\jvm.dll
0x00007fff9b4d0000 - 0x00007fff9b57e000 	C:\WINDOWS\System32\ADVAPI32.dll
0x00007fff9b660000 - 0x00007fff9b704000 	C:\WINDOWS\System32\sechost.dll
0x00007fff9a330000 - 0x00007fff9a447000 	C:\WINDOWS\System32\RPCRT4.dll
0x00007fff9b710000 - 0x00007fff9b718000 	C:\WINDOWS\System32\PSAPI.DLL
0x00007fff73aa0000 - 0x00007fff73aa9000 	C:\WINDOWS\SYSTEM32\WSOCK32.dll
0x00007fff9a910000 - 0x00007fff9a981000 	C:\WINDOWS\System32\WS2_32.dll
0x00007fff911d0000 - 0x00007fff91204000 	C:\WINDOWS\SYSTEM32\WINMM.dll
0x00007fff93ab0000 - 0x00007fff93aba000 	C:\WINDOWS\SYSTEM32\VERSION.dll
0x00007fff98840000 - 0x00007fff98858000 	C:\WINDOWS\SYSTEM32\kernel.appcore.dll
0x00007fff2ea20000 - 0x00007fff2ea30000 	C:\Program Files\Microsoft\jdk-11.0.16.101-hotspot\bin\verify.dll
0x00007fff97190000 - 0x00007fff973be000 	C:\WINDOWS\SYSTEM32\DBGHELP.DLL
0x00007fff9b7c0000 - 0x00007fff9bb49000 	C:\WINDOWS\System32\combase.dll
0x00007fff9b580000 - 0x00007fff9b657000 	C:\WINDOWS\System32\OLEAUT32.dll
0x00007fff7e620000 - 0x00007fff7e652000 	C:\WINDOWS\SYSTEM32\dbgcore.DLL
0x00007fff99830000 - 0x00007fff998ab000 	C:\WINDOWS\System32\bcryptPrimitives.dll
0x00007ffe82a50000 - 0x00007ffe82a78000 	C:\Program Files\Microsoft\jdk-11.0.16.101-hotspot\bin\java.dll
0x00007fff2bbb0000 - 0x00007fff2bbba000 	C:\Program Files\Microsoft\jdk-11.0.16.101-hotspot\bin\jimage.dll
0x00007ffe82a30000 - 0x00007ffe82a48000 	C:\Program Files\Microsoft\jdk-11.0.16.101-hotspot\bin\zip.dll

dbghelp: loaded successfully - version: 4.0.5 - missing functions: none
symbol engine: initialized successfully - sym options: 0x614 - pdb path: .;C:\Program Files\Microsoft\jdk-11.0.16.101-hotspot\bin;C:\WINDOWS\SYSTEM32;C:\WINDOWS\WinSxS\amd64_microsoft.windows.common-controls_6595b64144ccf1df_6.0.22621.1635_none_270f70857386168e;C:\Program Files\Microsoft\jdk-11.0.16.101-hotspot\bin\server

VM Arguments:
java_command: <unknown>
java_class_path (initial): <not set>
Launcher Type: SUN_STANDARD

[Global flags]
     intx CICompilerCount                          = 3                                         {product} {ergonomic}
     uint ConcGCThreads                            = 1                                         {product} {ergonomic}
     uint G1ConcRefinementThreads                  = 4                                         {product} {ergonomic}
   size_t G1HeapRegionSize                         = 1048576                                   {product} {ergonomic}
    uintx GCDrainStackTargetSize                   = 64                                        {product} {ergonomic}
   size_t InitialHeapSize                          = 199229440                                 {product} {ergonomic}
   size_t MarkStackSize                            = 4194304                                   {product} {ergonomic}
   size_t MaxHeapSize                              = 3156213760                                {product} {ergonomic}
   size_t MinHeapDeltaBytes                        = 1048576                                   {product} {ergonomic}
    uintx NonNMethodCodeHeapSize                   = 5830732                                {pd product} {ergonomic}
    uintx NonProfiledCodeHeapSize                  = 122913754                              {pd product} {ergonomic}
    uintx ProfiledCodeHeapSize                     = 122913754                              {pd product} {ergonomic}
    uintx ReservedCodeCacheSize                    = 251658240                              {pd product} {ergonomic}
     bool SegmentedCodeCache                       = true                                      {product} {ergonomic}
     bool UseCompressedClassPointers               = true                                 {lp64_product} {ergonomic}
     bool UseCompressedOops                        = true                                 {lp64_product} {ergonomic}
     bool UseG1GC                                  = true                                      {product} {ergonomic}
     bool UseLargePagesIndividualAllocation        = false                                  {pd product} {ergonomic}

Logging:
Log output configuration:
 #0: stdout all=warning uptime,level,tags
 #1: stderr all=off uptime,level,tags

Environment Variables:
JAVA_HOME=C:\Program Files\Microsoft\jdk-11.0.16.101-hotspot
JRE_HOME=C:\Program Files (x86)\Java\jre1.8.0_351
PATH=C:\Program Files\Microsoft\jdk-11.0.16.101-hotspot\bin;C:\Program Files\Common Files\Oracle\Java\javapath;C:\Python311\Scripts\;C:\Python311\;C:\WINDOWS\system32;C:\WINDOWS;C:\WINDOWS\System32\Wbem;C:\WINDOWS\System32\WindowsPowerShell\v1.0\;C:\WINDOWS\System32\OpenSSH\;C:\INFORMACION\apache-maven-3.8.6\bin;C:\INFORMACION\apache-maven-3.8.6\bin;C:\Program Files\nodejs\;C:\ProgramData\chocolatey\bin;JRE_HOME=C:\Program Files (x86)\Java\jre7;C:\Program Files\Git\cmd;C:\Users\BRIGIT\Downloads\Servidor\php;C:\Users\BRIGIT\Downloads\Servidor\php\PEAR;C:\Program Files\Microsoft SQL Server\Client SDK\ODBC\170\Tools\Binn\;C:\Program Files\dotnet\;C:\Program Files (x86)\Microsoft Office\Office16;C:\Users\BRIGIT\AppData\Roaming\Microsoft\Windows\Start Menu\Programs\MongoDB Inc;C:\Program Files\MongoDB\Server\6.0\bin;C:\Program Files\Microsoft SQL Server\Client SDK\ODBC\130\Tools\Binn\;C:\Program Files (x86)\Microsoft SQL Server\140\Tools\Binn\;C:\Program Files\Microsoft SQL Server\140\Tools\Binn\;C:\Program Files\Microsoft SQL Server\140\DTS\Binn\;C:\Program Files (x86)\Microsoft SQL Server\160\DTS\Binn\;C:\Program Files\MySQL\MySQL Shell 8.0\bin\;C:\Users\BRIGIT\AppData\Local\Programs\Python\Python310\Scripts\;C:\Users\BRIGIT\AppData\Local\Programs\Python\Python310\;C:\Users\BRIGIT\AppData\Local\Microsoft\WindowsApps;C:\Users\BRIGIT\AppData\Local\Programs\Microsoft VS Code\bin;C:\Program Files\JetBrains\PyCharm 2022.2.3\bin;;C:\Users\BRIGIT\AppData\Roaming\npm;JRE_HOME=C:\Program Files (x86)\Java\jre7;C:\Users\BRIGIT\Downloads\apache-maven-3.8.6\bin;C:\Users\BRIGIT\AppData\Roaming\Composer\vendor\bin;C:\Users\BRIGIT\.dotnet\tools;C:\Users\BRIGIT\AppData\Roaming\Microsoft\Windows\Start Menu\Programs\MongoDB Inc;C:\Program Files\MongoDB\Server\6.0\bin;;C:\Program Files\Azure Data Studio\bin
USERNAME=BRIGIT
OS=Windows_NT
PROCESSOR_IDENTIFIER=Intel64 Family 6 Model 126 Stepping 5, GenuineIntel
TMP=C:\Users\BRIGIT\AppData\Local\Temp
TEMP=C:\Users\BRIGIT\AppData\Local\Temp



---------------  S Y S T E M  ---------------

OS: Windows 11 , 64 bit Build 22621 (10.0.22621.1635)
OS uptime: 1 days 2:06 hours
Hyper-V role detected

CPU:total 4 (initial active 4) (2 cores per cpu, 2 threads per core) family 6 model 126 stepping 5 microcode 0xb8, cmov, cx8, fxsr, mmx, sse, sse2, sse3, ssse3, sse4.1, sse4.2, popcnt, avx, avx2, aes, clmul, erms, 3dnowpref, lzcnt, ht, tsc, tscinvbit, bmi1, bmi2, adx, evex, sha, fma

Memory: 4k page, system-wide physical 12036M (2434M free)
TotalPageFile size 13775M (AvailPageFile size 88M)
current process WorkingSet (physical memory assigned to process): 10M, peak: 10M
current process commit charge ("private bytes"): 52M, peak: 242M

vm_info: OpenJDK 64-Bit Server VM (11.0.16.1+1-LTS) for windows-amd64 JRE (11.0.16.1+1-LTS), built on Aug 20 2022 20:09:04 by "" with MS VC++ 15.9 (VS2017)

END.
